Start testing: Feb 25 20:32 +08
----------------------------------------------------------
1/1 Testing: smoke
1/1 Test: smoke
Command: "/home/joshua/Desktop/csv_analytics_cli/build/tests"
Directory: /home/joshua/Desktop/csv_analytics_cli/build
"smoke" start time: Feb 25 20:32 +08
Output:
----------------------------------------------------------
<end of output>
Test time =   0.01 sec
----------------------------------------------------------
Test Passed.
"smoke" end time: Feb 25 20:32 +08
"smoke" time elapsed: 00:00:00
----------------------------------------------------------

End testing: Feb 25 20:32 +08
